[2024-06-11 02:49:02,188] INFO in server: Application startup
Current directory: /home/andrey/projects/ai/ai_ftp
 * Serving Flask app 'server'
 * Debug mode: off
Address already in use
Port 5000 is in use by another program. Either identify and stop that program, or start the server with a different port.
[2024-06-11 02:50:01,564] INFO in server: Application startup
Current directory: /home/andrey/projects/ai/ai_ftp
 * Serving Flask app 'server'
 * Debug mode: off
Address already in use
Port 5000 is in use by another program. Either identify and stop that program, or start the server with a different port.
[2024-06-11 02:51:01,948] INFO in server: Application startup
Current directory: /home/andrey/projects/ai/ai_ftp
 * Serving Flask app 'server'
 * Debug mode: off
Address already in use
Port 5000 is in use by another program. Either identify and stop that program, or start the server with a different port.
[2024-06-11 02:52:01,340] INFO in server: Application startup
Current directory: /home/andrey/projects/ai/ai_ftp
 * Serving Flask app 'server'
 * Debug mode: off
Address already in use
Port 5000 is in use by another program. Either identify and stop that program, or start the server with a different port.
[2024-06-11 02:53:01,722] INFO in server: Application startup
Current directory: /home/andrey/projects/ai/ai_ftp
 * Serving Flask app 'server'
 * Debug mode: off
Address already in use
Port 5000 is in use by another program. Either identify and stop that program, or start the server with a different port.
[2024-06-11 02:54:02,094] INFO in server: Application startup
Current directory: /home/andrey/projects/ai/ai_ftp
 * Serving Flask app 'server'
 * Debug mode: off
Address already in use
Port 5000 is in use by another program. Either identify and stop that program, or start the server with a different port.
[2024-06-11 02:55:01,471] INFO in server: Application startup
Current directory: /home/andrey/projects/ai/ai_ftp
 * Serving Flask app 'server'
 * Debug mode: off
Address already in use
Port 5000 is in use by another program. Either identify and stop that program, or start the server with a different port.
[2024-06-11 02:56:01,849] INFO in server: Application startup
Current directory: /home/andrey/projects/ai/ai_ftp
 * Serving Flask app 'server'
 * Debug mode: off
Address already in use
Port 5000 is in use by another program. Either identify and stop that program, or start the server with a different port.
[2024-06-11 02:57:02,234] INFO in server: Application startup
Current directory: /home/andrey/projects/ai/ai_ftp
 * Serving Flask app 'server'
 * Debug mode: off
Address already in use
Port 5000 is in use by another program. Either identify and stop that program, or start the server with a different port.
[2024-06-11 02:58:01,610] INFO in server: Application startup
Current directory: /home/andrey/projects/ai/ai_ftp
 * Serving Flask app 'server'
 * Debug mode: off
Address already in use
Port 5000 is in use by another program. Either identify and stop that program, or start the server with a different port.
[2024-06-11 02:59:01,988] INFO in server: Application startup
Current directory: /home/andrey/projects/ai/ai_ftp
 * Serving Flask app 'server'
 * Debug mode: off
Address already in use
Port 5000 is in use by another program. Either identify and stop that program, or start the server with a different port.
[2024-06-11 03:00:01,360] INFO in server: Application startup
Current directory: /home/andrey/projects/ai/ai_ftp
 * Serving Flask app 'server'
 * Debug mode: off
Address already in use
Port 5000 is in use by another program. Either identify and stop that program, or start the server with a different port.
[2024-06-11 03:01:01,733] INFO in server: Application startup
Current directory: /home/andrey/projects/ai/ai_ftp
 * Serving Flask app 'server'
 * Debug mode: off
Address already in use
Port 5000 is in use by another program. Either identify and stop that program, or start the server with a different port.
[2024-06-11 03:02:02,115] INFO in server: Application startup
Current directory: /home/andrey/projects/ai/ai_ftp
 * Serving Flask app 'server'
 * Debug mode: off
Address already in use
Port 5000 is in use by another program. Either identify and stop that program, or start the server with a different port.
[2024-06-11 03:03:01,492] INFO in server: Application startup
Current directory: /home/andrey/projects/ai/ai_ftp
 * Serving Flask app 'server'
 * Debug mode: off
Address already in use
Port 5000 is in use by another program. Either identify and stop that program, or start the server with a different port.
[2024-06-11 03:04:01,873] INFO in server: Application startup
Current directory: /home/andrey/projects/ai/ai_ftp
 * Serving Flask app 'server'
 * Debug mode: off
Address already in use
Port 5000 is in use by another program. Either identify and stop that program, or start the server with a different port.
[2024-06-11 03:05:02,280] INFO in server: Application startup
Current directory: /home/andrey/projects/ai/ai_ftp
 * Serving Flask app 'server'
 * Debug mode: off
Address already in use
Port 5000 is in use by another program. Either identify and stop that program, or start the server with a different port.
[2024-06-11 03:06:01,670] INFO in server: Application startup
Current directory: /home/andrey/projects/ai/ai_ftp
 * Serving Flask app 'server'
 * Debug mode: off
Address already in use
Port 5000 is in use by another program. Either identify and stop that program, or start the server with a different port.
[2024-06-11 03:07:02,057] INFO in server: Application startup
Current directory: /home/andrey/projects/ai/ai_ftp
 * Serving Flask app 'server'
 * Debug mode: off
Address already in use
Port 5000 is in use by another program. Either identify and stop that program, or start the server with a different port.
[2024-06-11 03:08:01,448] INFO in server: Application startup
Current directory: /home/andrey/projects/ai/ai_ftp
 * Serving Flask app 'server'
 * Debug mode: off
Address already in use
Port 5000 is in use by another program. Either identify and stop that program, or start the server with a different port.
[2024-06-11 03:09:01,881] INFO in server: Application startup
Current directory: /home/andrey/projects/ai/ai_ftp
 * Serving Flask app 'server'
 * Debug mode: off
Address already in use
Port 5000 is in use by another program. Either identify and stop that program, or start the server with a different port.
[2024-06-11 03:10:02,301] INFO in server: Application startup
Current directory: /home/andrey/projects/ai/ai_ftp
 * Serving Flask app 'server'
 * Debug mode: off
Address already in use
Port 5000 is in use by another program. Either identify and stop that program, or start the server with a different port.
[2024-06-11 03:11:01,694] INFO in server: Application startup
Current directory: /home/andrey/projects/ai/ai_ftp
 * Serving Flask app 'server'
 * Debug mode: off
Address already in use
Port 5000 is in use by another program. Either identify and stop that program, or start the server with a different port.
[2024-06-11 03:12:02,081] INFO in server: Application startup
Current directory: /home/andrey/projects/ai/ai_ftp
 * Serving Flask app 'server'
 * Debug mode: off
Address already in use
Port 5000 is in use by another program. Either identify and stop that program, or start the server with a different port.
[2024-06-11 03:13:01,485] INFO in server: Application startup
Current directory: /home/andrey/projects/ai/ai_ftp
 * Serving Flask app 'server'
 * Debug mode: off
Address already in use
Port 5000 is in use by another program. Either identify and stop that program, or start the server with a different port.
[2024-06-11 03:14:01,940] INFO in server: Application startup
Current directory: /home/andrey/projects/ai/ai_ftp
 * Serving Flask app 'server'
 * Debug mode: off
Address already in use
Port 5000 is in use by another program. Either identify and stop that program, or start the server with a different port.
[2024-06-11 03:15:02,340] INFO in server: Application startup
Current directory: /home/andrey/projects/ai/ai_ftp
 * Serving Flask app 'server'
 * Debug mode: off
Address already in use
Port 5000 is in use by another program. Either identify and stop that program, or start the server with a different port.
[2024-06-11 03:16:01,721] INFO in server: Application startup
Current directory: /home/andrey/projects/ai/ai_ftp
 * Serving Flask app 'server'
 * Debug mode: off
Address already in use
Port 5000 is in use by another program. Either identify and stop that program, or start the server with a different port.
[2024-06-11 03:17:02,229] INFO in server: Application startup
Current directory: /home/andrey/projects/ai/ai_ftp
 * Serving Flask app 'server'
 * Debug mode: off
Address already in use
Port 5000 is in use by another program. Either identify and stop that program, or start the server with a different port.
[2024-06-11 03:18:01,626] INFO in server: Application startup
Current directory: /home/andrey/projects/ai/ai_ftp
 * Serving Flask app 'server'
 * Debug mode: off
Address already in use
Port 5000 is in use by another program. Either identify and stop that program, or start the server with a different port.
[2024-06-11 03:19:02,011] INFO in server: Application startup
Current directory: /home/andrey/projects/ai/ai_ftp
 * Serving Flask app 'server'
 * Debug mode: off
Address already in use
Port 5000 is in use by another program. Either identify and stop that program, or start the server with a different port.
[2024-06-11 03:20:01,411] INFO in server: Application startup
Current directory: /home/andrey/projects/ai/ai_ftp
 * Serving Flask app 'server'
 * Debug mode: off
Address already in use
Port 5000 is in use by another program. Either identify and stop that program, or start the server with a different port.
[2024-06-11 03:21:01,809] INFO in server: Application startup
Current directory: /home/andrey/projects/ai/ai_ftp
 * Serving Flask app 'server'
 * Debug mode: off
Address already in use
Port 5000 is in use by another program. Either identify and stop that program, or start the server with a different port.
[2024-06-11 03:22:02,194] INFO in server: Application startup
Current directory: /home/andrey/projects/ai/ai_ftp
 * Serving Flask app 'server'
 * Debug mode: off
Address already in use
Port 5000 is in use by another program. Either identify and stop that program, or start the server with a different port.
[2024-06-11 03:23:01,626] INFO in server: Application startup
Current directory: /home/andrey/projects/ai/ai_ftp
 * Serving Flask app 'server'
 * Debug mode: off
Address already in use
Port 5000 is in use by another program. Either identify and stop that program, or start the server with a different port.
[2024-06-11 03:24:02,029] INFO in server: Application startup
Current directory: /home/andrey/projects/ai/ai_ftp
 * Serving Flask app 'server'
 * Debug mode: off
Address already in use
Port 5000 is in use by another program. Either identify and stop that program, or start the server with a different port.
[2024-06-11 03:25:01,409] INFO in server: Application startup
Current directory: /home/andrey/projects/ai/ai_ftp
 * Serving Flask app 'server'
 * Debug mode: off
Address already in use
Port 5000 is in use by another program. Either identify and stop that program, or start the server with a different port.
